<?xml version="1.0" encoding="UTF-8"?>
<testsuite name="com.parkvita.admin.springboot.web.IndexControllerTest" tests="1" skipped="0" failures="0" errors="0" timestamp="2021-01-04T07:11:24" hostname="DESKTOP-H8S7DH9" time="0.737">
  <properties/>
  <testcase name="메인페이지_로딩" classname="com.parkvita.admin.springboot.web.IndexControllerTest" time="0.737"/>
  <system-out><![CDATA[16:11:10.728 [Test worker] DEBUG org.springframework.test.context.junit4.SpringJUnit4ClassRunner - SpringJUnit4ClassRunner constructor called with [class com.parkvita.admin.springboot.web.IndexControllerTest]
16:11:10.744 [Test worker] DEBUG org.springframework.test.context.BootstrapUtils - Instantiating CacheAwareContextLoaderDelegate from class [org.springframework.test.context.cache.DefaultCacheAwareContextLoaderDelegate]
16:11:10.759 [Test worker] DEBUG org.springframework.test.context.BootstrapUtils - Instantiating BootstrapContext using constructor [public org.springframework.test.context.support.DefaultBootstrapContext(java.lang.Class,org.springframework.test.context.CacheAwareContextLoaderDelegate)]
16:11:10.781 [Test worker] DEBUG org.springframework.test.context.BootstrapUtils - Instantiating TestContextBootstrapper for test class [com.parkvita.admin.springboot.web.IndexControllerTest] from class [org.springframework.boot.test.context.SpringBootTestContextBootstrapper]
16:11:10.800 [Test worker] INFO org.springframework.boot.test.context.SpringBootTestContextBootstrapper - Neither @ContextConfiguration nor @ContextHierarchy found for test class [com.parkvita.admin.springboot.web.IndexControllerTest], using SpringBootContextLoader
16:11:10.804 [Test worker] DEBUG org.springframework.test.context.support.AbstractContextLoader - Did not detect default resource location for test class [com.parkvita.admin.springboot.web.IndexControllerTest]: class path resource [com/parkvita/admin/springboot/web/IndexControllerTest-context.xml] does not exist
16:11:10.805 [Test worker] DEBUG org.springframework.test.context.support.AbstractContextLoader - Did not detect default resource location for test class [com.parkvita.admin.springboot.web.IndexControllerTest]: class path resource [com/parkvita/admin/springboot/web/IndexControllerTestContext.groovy] does not exist
16:11:10.805 [Test worker] INFO org.springframework.test.context.support.AbstractContextLoader - Could not detect default resource locations for test class [com.parkvita.admin.springboot.web.IndexControllerTest]: no resource found for suffixes {-context.xml, Context.groovy}.
16:11:10.806 [Test worker] INFO org.springframework.test.context.support.AnnotationConfigContextLoaderUtils - Could not detect default configuration classes for test class [com.parkvita.admin.springboot.web.IndexControllerTest]: IndexControllerTest does not declare any static, non-private, non-final, nested classes annotated with @Configuration.
16:11:10.867 [Test worker] DEBUG org.springframework.test.context.support.ActiveProfilesUtils - Could not find an 'annotation declaring class' for annotation type [org.springframework.test.context.ActiveProfiles] and class [com.parkvita.admin.springboot.web.IndexControllerTest]
16:11:10.992 [Test worker] DEBUG org.springframework.context.annotation.ClassPathScanningCandidateComponentProvider - Identified candidate component class: file [C:\Users\parksh\IdeaProjects\springboot-webservice\build\classes\java\main\com\parkvita\admin\springboot\Application.class]
16:11:10.994 [Test worker] INFO org.springframework.boot.test.context.SpringBootTestContextBootstrapper - Found @SpringBootConfiguration com.parkvita.admin.springboot.Application for test class com.parkvita.admin.springboot.web.IndexControllerTest
16:11:11.152 [Test worker] DEBUG org.springframework.boot.test.context.SpringBootTestContextBootstrapper - @TestExecutionListeners is not present for class [com.parkvita.admin.springboot.web.IndexControllerTest]: using defaults.
16:11:11.153 [Test worker] INFO org.springframework.boot.test.context.SpringBootTestContextBootstrapper - Loaded default TestExecutionListener class names from location [META-INF/spring.factories]: [org.springframework.security.test.context.support.WithSecurityContextTestExecutionListener, org.springframework.security.test.context.support.ReactorContextTestExecutionListener, org.springframework.boot.test.autoconfigure.restdocs.RestDocsTestExecutionListener, org.springframework.boot.test.autoconfigure.web.client.MockRestServiceServerResetTestExecutionListener, org.springframework.boot.test.autoconfigure.web.servlet.MockMvcPrintOnlyOnFailureTestExecutionListener, org.springframework.boot.test.autoconfigure.web.servlet.WebDriverTestExecutionListener, org.springframework.boot.test.mock.mockito.MockitoTestExecutionListener, org.springframework.boot.test.mock.mockito.ResetMocksTestExecutionListener, org.springframework.test.context.web.ServletTestExecutionListener, org.springframework.test.context.support.DirtiesContextBeforeModesTestExecutionListener, org.springframework.test.context.support.DependencyInjectionTestExecutionListener, org.springframework.test.context.support.DirtiesContextTestExecutionListener, org.springframework.test.context.transaction.TransactionalTestExecutionListener, org.springframework.test.context.jdbc.SqlScriptsTestExecutionListener]
16:11:11.182 [Test worker] INFO org.springframework.boot.test.context.SpringBootTestContextBootstrapper - Using TestExecutionListeners: [org.springframework.test.context.web.ServletTestExecutionListener@cc9460c, org.springframework.test.context.support.DirtiesContextBeforeModesTestExecutionListener@2ff1cbe9, org.springframework.boot.test.mock.mockito.MockitoTestExecutionListener@4539f8cb, org.springframework.boot.test.autoconfigure.SpringBootDependencyInjectionTestExecutionListener@3a4a0c0e, org.springframework.test.context.support.DirtiesContextTestExecutionListener@7cf5d46d, org.springframework.test.context.transaction.TransactionalTestExecutionListener@5d7af699, org.springframework.test.context.jdbc.SqlScriptsTestExecutionListener@570fa25d, org.springframework.security.test.context.support.WithSecurityContextTestExecutionListener@3d4feece, org.springframework.security.test.context.support.ReactorContextTestExecutionListener@6fcb13b6, org.springframework.boot.test.autoconfigure.restdocs.RestDocsTestExecutionListener@658feee8, org.springframework.boot.test.autoconfigure.web.client.MockRestServiceServerResetTestExecutionListener@4f38a54e, org.springframework.boot.test.autoconfigure.web.servlet.MockMvcPrintOnlyOnFailureTestExecutionListener@dc30bf9, org.springframework.boot.test.autoconfigure.web.servlet.WebDriverTestExecutionListener@3aa2ef54, org.springframework.boot.test.mock.mockito.ResetMocksTestExecutionListener@20c0ae46]
16:11:11.189 [Test worker] DEBUG org.springframework.test.annotation.ProfileValueUtils - Retrieved @ProfileValueSourceConfiguration [null] for test class [com.parkvita.admin.springboot.web.IndexControllerTest]
16:11:11.190 [Test worker] DEBUG org.springframework.test.annotation.ProfileValueUtils - Retrieved ProfileValueSource type [class org.springframework.test.annotation.SystemProfileValueSource] for class [com.parkvita.admin.springboot.web.IndexControllerTest]
16:11:11.197 [Test worker] DEBUG org.springframework.test.annotation.ProfileValueUtils - Retrieved @ProfileValueSourceConfiguration [null] for test class [com.parkvita.admin.springboot.web.IndexControllerTest]
16:11:11.197 [Test worker] DEBUG org.springframework.test.annotation.ProfileValueUtils - Retrieved ProfileValueSource type [class org.springframework.test.annotation.SystemProfileValueSource] for class [com.parkvita.admin.springboot.web.IndexControllerTest]
16:11:11.198 [Test worker] DEBUG org.springframework.test.annotation.ProfileValueUtils - Retrieved @ProfileValueSourceConfiguration [null] for test class [com.parkvita.admin.springboot.web.IndexControllerTest]
16:11:11.198 [Test worker] DEBUG org.springframework.test.annotation.ProfileValueUtils - Retrieved ProfileValueSource type [class org.springframework.test.annotation.SystemProfileValueSource] for class [com.parkvita.admin.springboot.web.IndexControllerTest]
16:11:11.207 [Test worker] DEBUG org.springframework.test.context.support.AbstractDirtiesContextTestExecutionListener - Before test class: context [DefaultTestContext@453155fb testClass = IndexControllerTest, testInstance = [null], testMethod = [null], testException = [null], mergedContextConfiguration = [WebMergedContextConfiguration@69973ea3 testClass = IndexControllerTest, locations = '{}', classes = '{class com.parkvita.admin.springboot.Application}', contextInitializerClasses = '[]', activeProfiles = '{}', propertySourceLocations = '{}', propertySourceProperties = '{org.springframework.boot.test.context.SpringBootTestContextBootstrapper=true, server.port=0}', contextCustomizers = set[org.springframework.boot.test.autoconfigure.properties.PropertyMappingContextCustomizer@0, org.springframework.boot.test.autoconfigure.web.servlet.WebDriverContextCustomizerFactory$Customizer@11cd18f8, org.springframework.boot.test.context.filter.ExcludeFilterContextCustomizer@a552f4b, org.springframework.boot.test.json.DuplicateJsonObjectContextCustomizerFactory$DuplicateJsonObjectContextCustomizer@6cf2c6f9, org.springframework.boot.test.mock.mockito.MockitoContextCustomizer@0, org.springframework.boot.test.web.client.TestRestTemplateContextCustomizer@2bfa2bab], resourceBasePath = 'src/main/webapp', contextLoader = 'org.springframework.boot.test.context.SpringBootContextLoader', parent = [null]], attributes = map['org.springframework.test.context.web.ServletTestExecutionListener.activateListener' -> false]], class annotated with @DirtiesContext [false] with mode [null].
16:11:11.208 [Test worker] DEBUG org.springframework.test.annotation.ProfileValueUtils - Retrieved @ProfileValueSourceConfiguration [null] for test class [com.parkvita.admin.springboot.web.IndexControllerTest]
16:11:11.208 [Test worker] DEBUG org.springframework.test.annotation.ProfileValueUtils - Retrieved ProfileValueSource type [class org.springframework.test.annotation.SystemProfileValueSource] for class [com.parkvita.admin.springboot.web.IndexControllerTest]
16:11:11.216 [Test worker] DEBUG org.springframework.test.context.support.DependencyInjectionTestExecutionListener - Performing dependency injection for test context [[DefaultTestContext@453155fb testClass = IndexControllerTest, testInstance = com.parkvita.admin.springboot.web.IndexControllerTest@5fc92797, testMethod = [null], testException = [null], mergedContextConfiguration = [WebMergedContextConfiguration@69973ea3 testClass = IndexControllerTest, locations = '{}', classes = '{class com.parkvita.admin.springboot.Application}', contextInitializerClasses = '[]', activeProfiles = '{}', propertySourceLocations = '{}', propertySourceProperties = '{org.springframework.boot.test.context.SpringBootTestContextBootstrapper=true, server.port=0}', contextCustomizers = set[org.springframework.boot.test.autoconfigure.properties.PropertyMappingContextCustomizer@0, org.springframework.boot.test.autoconfigure.web.servlet.WebDriverContextCustomizerFactory$Customizer@11cd18f8, org.springframework.boot.test.context.filter.ExcludeFilterContextCustomizer@a552f4b, org.springframework.boot.test.json.DuplicateJsonObjectContextCustomizerFactory$DuplicateJsonObjectContextCustomizer@6cf2c6f9, org.springframework.boot.test.mock.mockito.MockitoContextCustomizer@0, org.springframework.boot.test.web.client.TestRestTemplateContextCustomizer@2bfa2bab], resourceBasePath = 'src/main/webapp', contextLoader = 'org.springframework.boot.test.context.SpringBootContextLoader', parent = [null]], attributes = map['org.springframework.test.context.web.ServletTestExecutionListener.activateListener' -> false]]].
16:11:11.246 [Test worker] DEBUG org.springframework.test.context.support.TestPropertySourceUtils - Adding inlined properties to environment: {spring.jmx.enabled=false, org.springframework.boot.test.context.SpringBootTestContextBootstrapper=true, server.port=0}

  .   ____          _            __ _ _
 /\\ / ___'_ __ _ _(_)_ __  __ _ \ \ \ \
( ( )\___ | '_ | '_| | '_ \/ _` | \ \ \ \
 \\/  ___)| |_)| | | | | || (_| |  ) ) ) )
  '  |____| .__|_| |_|_| |_\__, | / / / /
 =========|_|==============|___/=/_/_/_/
 :: Spring Boot ::        (v2.1.7.RELEASE)

2021-01-04 16:11:11.744  INFO 1352 --- [    Test worker] c.p.a.s.web.IndexControllerTest          : Starting IndexControllerTest on DESKTOP-H8S7DH9 with PID 1352 (started by parksh in C:\Users\parksh\IdeaProjects\springboot-webservice)
2021-01-04 16:11:11.746  INFO 1352 --- [    Test worker] c.p.a.s.web.IndexControllerTest          : No active profile set, falling back to default profiles: default
2021-01-04 16:11:13.443  INFO 1352 --- [    Test worker] .s.d.r.c.RepositoryConfigurationDelegate : Bootstrapping Spring Data repositories in DEFAULT mode.
2021-01-04 16:11:13.562  INFO 1352 --- [    Test worker] .s.d.r.c.RepositoryConfigurationDelegate : Finished Spring Data repository scanning in 106ms. Found 2 repository interfaces.
2021-01-04 16:11:14.488  INFO 1352 --- [    Test worker] trationDelegate$BeanPostProcessorChecker : Bean 'org.springframework.transaction.annotation.ProxyTransactionManagementConfiguration' of type [org.springframework.transaction.annotation.ProxyTransactionManagementConfiguration$$EnhancerBySpringCGLIB$$6edaee04] is not eligible for getting processed by all BeanPostProcessors (for example: not eligible for auto-proxying)
2021-01-04 16:11:15.325  INFO 1352 --- [    Test worker] o.s.b.w.embedded.tomcat.TomcatWebServer  : Tomcat initialized with port(s): 0 (http)
2021-01-04 16:11:15.374  INFO 1352 --- [    Test worker] o.apache.catalina.core.StandardService   : Starting service [Tomcat]
2021-01-04 16:11:15.375  INFO 1352 --- [    Test worker] org.apache.catalina.core.StandardEngine  : Starting Servlet engine: [Apache Tomcat/9.0.22]
2021-01-04 16:11:15.799  INFO 1352 --- [    Test worker] o.a.c.c.C.[Tomcat].[localhost].[/]       : Initializing Spring embedded WebApplicationContext
2021-01-04 16:11:15.800  INFO 1352 --- [    Test worker] o.s.web.context.ContextLoader            : Root WebApplicationContext: initialization completed in 4023 ms
2021-01-04 16:11:16.474  INFO 1352 --- [    Test worker] com.zaxxer.hikari.HikariDataSource       : HikariPool-1 - Starting...
2021-01-04 16:11:16.810  INFO 1352 --- [    Test worker] com.zaxxer.hikari.HikariDataSource       : HikariPool-1 - Start completed.
2021-01-04 16:11:17.439  INFO 1352 --- [    Test worker] o.hibernate.jpa.internal.util.LogHelper  : HHH000204: Processing PersistenceUnitInfo [
	name: default
	...]
2021-01-04 16:11:17.667  INFO 1352 --- [    Test worker] org.hibernate.Version                    : HHH000412: Hibernate Core {5.3.10.Final}
2021-01-04 16:11:17.674  INFO 1352 --- [    Test worker] org.hibernate.cfg.Environment            : HHH000206: hibernate.properties not found
2021-01-04 16:11:18.159  INFO 1352 --- [    Test worker] o.hibernate.annotations.common.Version   : HCANN000001: Hibernate Commons Annotations {5.0.4.Final}
2021-01-04 16:11:18.638  INFO 1352 --- [    Test worker] org.hibernate.dialect.Dialect            : HHH000400: Using dialect: org.hibernate.dialect.MySQL5InnoDBDialect
Hibernate: drop table if exists posts
Hibernate: drop table if exists user
Hibernate: create table posts (id bigint not null auto_increment, created_date datetime, modified_date datetime, author varchar(255), content TEXT not null, title varchar(500) not null, primary key (id)) engine=InnoDB
Hibernate: create table user (id bigint not null auto_increment, created_date datetime, modified_date datetime, email varchar(255) not null, name varchar(255) not null, picture varchar(255), role varchar(255) not null, primary key (id)) engine=InnoDB
2021-01-04 16:11:20.167  INFO 1352 --- [    Test worker] o.h.t.schema.internal.SchemaCreatorImpl  : HHH000476: Executing import script 'org.hibernate.tool.schema.internal.exec.ScriptSourceInputNonExistentImpl@2262f05'
2021-01-04 16:11:20.173  INFO 1352 --- [    Test worker] j.LocalContainerEntityManagerFactoryBean : Initialized JPA EntityManagerFactory for persistence unit 'default'
2021-01-04 16:11:22.055  INFO 1352 --- [    Test worker] o.h.h.i.QueryTranslatorFactoryInitiator  : HHH000397: Using ASTQueryTranslatorFactory
2021-01-04 16:11:23.078  INFO 1352 --- [    Test worker] o.s.s.web.DefaultSecurityFilterChain     : Creating filter chain: any request, [org.springframework.security.web.context.request.async.WebAsyncManagerIntegrationFilter@4f9ae7ce, org.springframework.security.web.context.SecurityContextPersistenceFilter@75f7e984, org.springframework.security.web.header.HeaderWriterFilter@50a379c6, org.springframework.security.web.authentication.logout.LogoutFilter@3dca89d2, org.springframework.security.oauth2.client.web.OAuth2AuthorizationRequestRedirectFilter@5d500790, org.springframework.security.oauth2.client.web.OAuth2LoginAuthenticationFilter@332ab8dd, org.springframework.security.web.authentication.ui.DefaultLoginPageGeneratingFilter@6752a20, org.springframework.security.web.authentication.ui.DefaultLogoutPageGeneratingFilter@780797e9, org.springframework.security.web.savedrequest.RequestCacheAwareFilter@2102c9d5, org.springframework.security.web.servletapi.SecurityContextHolderAwareRequestFilter@3debb0f5, org.springframework.security.web.authentication.AnonymousAuthenticationFilter@3dffc183, org.springframework.security.web.session.SessionManagementFilter@6d4cdf51, org.springframework.security.web.access.ExceptionTranslationFilter@20a2b2d0, org.springframework.security.web.access.intercept.FilterSecurityInterceptor@b556293]
2021-01-04 16:11:23.758  INFO 1352 --- [    Test worker] o.s.s.concurrent.ThreadPoolTaskExecutor  : Initializing ExecutorService 'applicationTaskExecutor'
2021-01-04 16:11:23.866  WARN 1352 --- [    Test worker] aWebConfiguration$JpaWebMvcConfiguration : spring.jpa.open-in-view is enabled by default. Therefore, database queries may be performed during view rendering. Explicitly configure spring.jpa.open-in-view to disable this warning
2021-01-04 16:11:23.938  INFO 1352 --- [    Test worker] o.s.b.a.w.s.WelcomePageHandlerMapping    : Adding welcome page template: index
2021-01-04 16:11:24.590  INFO 1352 --- [    Test worker] s.a.ScheduledAnnotationBeanPostProcessor : No TaskScheduler/ScheduledExecutorService bean found for scheduled processing
2021-01-04 16:11:24.638  INFO 1352 --- [    Test worker] o.s.b.w.embedded.tomcat.TomcatWebServer  : Tomcat started on port(s): 63108 (http) with context path ''
2021-01-04 16:11:24.643  INFO 1352 --- [    Test worker] c.p.a.s.web.IndexControllerTest          : Started IndexControllerTest in 13.393 seconds (JVM running for 15.6)
2021-01-04 16:11:24.995  INFO 1352 --- [o-auto-1-exec-1] o.a.c.c.C.[Tomcat].[localhost].[/]       : Initializing Spring DispatcherServlet 'dispatcherServlet'
2021-01-04 16:11:24.995  INFO 1352 --- [o-auto-1-exec-1] o.s.web.servlet.DispatcherServlet        : Initializing Servlet 'dispatcherServlet'
2021-01-04 16:11:25.037  INFO 1352 --- [o-auto-1-exec-1] o.s.web.servlet.DispatcherServlet        : Completed initialization in 41 ms
Hibernate: select posts0_.id as id1_0_, posts0_.created_date as created_2_0_, posts0_.modified_date as modified3_0_, posts0_.author as author4_0_, posts0_.content as content5_0_, posts0_.title as title6_0_ from posts posts0_ order by posts0_.id DESC
]]></system-out>
  <system-err><![CDATA[]]></system-err>
</testsuite>
