<?xml version="1.0" encoding="UTF-8"?>
<testsuite name="com.parkvita.admin.springboot.web.PostsApiControllerTest" tests="2" skipped="0" failures="0" errors="0" timestamp="2020-12-28T06:58:33" hostname="DESKTOP-H8S7DH9" time="0.398">
  <properties/>
  <testcase name="Posts_등록된다" classname="com.parkvita.admin.springboot.web.PostsApiControllerTest" time="0.324"/>
  <testcase name="Posts_수정된다" classname="com.parkvita.admin.springboot.web.PostsApiControllerTest" time="0.071"/>
  <system-out><![CDATA[2020-12-28 15:58:33.624  INFO 16024 --- [    Test worker] .b.t.c.SpringBootTestContextBootstrapper : Neither @ContextConfiguration nor @ContextHierarchy found for test class [com.parkvita.admin.springboot.web.PostsApiControllerTest], using SpringBootContextLoader
2020-12-28 15:58:33.627  INFO 16024 --- [    Test worker] o.s.t.c.support.AbstractContextLoader    : Could not detect default resource locations for test class [com.parkvita.admin.springboot.web.PostsApiControllerTest]: no resource found for suffixes {-context.xml, Context.groovy}.
2020-12-28 15:58:33.628  INFO 16024 --- [    Test worker] t.c.s.AnnotationConfigContextLoaderUtils : Could not detect default configuration classes for test class [com.parkvita.admin.springboot.web.PostsApiControllerTest]: PostsApiControllerTest does not declare any static, non-private, non-final, nested classes annotated with @Configuration.
2020-12-28 15:58:33.630  INFO 16024 --- [    Test worker] .b.t.c.SpringBootTestContextBootstrapper : Found @SpringBootConfiguration com.parkvita.admin.springboot.Application for test class com.parkvita.admin.springboot.web.PostsApiControllerTest
2020-12-28 15:58:33.632  INFO 16024 --- [    Test worker] .b.t.c.SpringBootTestContextBootstrapper : Loaded default TestExecutionListener class names from location [META-INF/spring.factories]: [org.springframework.security.test.context.support.WithSecurityContextTestExecutionListener, org.springframework.security.test.context.support.ReactorContextTestExecutionListener, org.springframework.boot.test.autoconfigure.restdocs.RestDocsTestExecutionListener, org.springframework.boot.test.autoconfigure.web.client.MockRestServiceServerResetTestExecutionListener, org.springframework.boot.test.autoconfigure.web.servlet.MockMvcPrintOnlyOnFailureTestExecutionListener, org.springframework.boot.test.autoconfigure.web.servlet.WebDriverTestExecutionListener, org.springframework.boot.test.mock.mockito.MockitoTestExecutionListener, org.springframework.boot.test.mock.mockito.ResetMocksTestExecutionListener, org.springframework.test.context.web.ServletTestExecutionListener, org.springframework.test.context.support.DirtiesContextBeforeModesTestExecutionListener, org.springframework.test.context.support.DependencyInjectionTestExecutionListener, org.springframework.test.context.support.DirtiesContextTestExecutionListener, org.springframework.test.context.transaction.TransactionalTestExecutionListener, org.springframework.test.context.jdbc.SqlScriptsTestExecutionListener]
2020-12-28 15:58:33.634  INFO 16024 --- [    Test worker] .b.t.c.SpringBootTestContextBootstrapper : Using TestExecutionListeners: [org.springframework.test.context.web.ServletTestExecutionListener@690ed0dc, org.springframework.test.context.support.DirtiesContextBeforeModesTestExecutionListener@1f267d16, org.springframework.boot.test.mock.mockito.MockitoTestExecutionListener@1eae729c, org.springframework.boot.test.autoconfigure.SpringBootDependencyInjectionTestExecutionListener@46a0e00f, org.springframework.test.context.support.DirtiesContextTestExecutionListener@59375037, org.springframework.test.context.transaction.TransactionalTestExecutionListener@755558ca, org.springframework.test.context.jdbc.SqlScriptsTestExecutionListener@1882ee6e, org.springframework.security.test.context.support.WithSecurityContextTestExecutionListener@5963d5e9, org.springframework.security.test.context.support.ReactorContextTestExecutionListener@3a36801a, org.springframework.boot.test.autoconfigure.restdocs.RestDocsTestExecutionListener@65fa0c9e, org.springframework.boot.test.autoconfigure.web.client.MockRestServiceServerResetTestExecutionListener@6a047fd1, org.springframework.boot.test.autoconfigure.web.servlet.MockMvcPrintOnlyOnFailureTestExecutionListener@2d8f33e5, org.springframework.boot.test.autoconfigure.web.servlet.WebDriverTestExecutionListener@23b7401e, org.springframework.boot.test.mock.mockito.ResetMocksTestExecutionListener@161c360a]
2020-12-28 15:58:33.663  INFO 16024 --- [    Test worker] o.a.c.c.C.[Tomcat].[localhost].[/]       : Initializing Spring TestDispatcherServlet ''
2020-12-28 15:58:33.663  INFO 16024 --- [    Test worker] o.s.t.web.servlet.TestDispatcherServlet  : Initializing Servlet ''
2020-12-28 15:58:33.670  INFO 16024 --- [    Test worker] o.s.t.web.servlet.TestDispatcherServlet  : Completed initialization in 7 ms
Hibernate: insert into posts (created_date, modified_date, author, content, title) values (?, ?, ?, ?, ?)
Hibernate: select posts0_.id as id1_0_, posts0_.created_date as created_2_0_, posts0_.modified_date as modified3_0_, posts0_.author as author4_0_, posts0_.content as content5_0_, posts0_.title as title6_0_ from posts posts0_
Hibernate: select posts0_.id as id1_0_, posts0_.created_date as created_2_0_, posts0_.modified_date as modified3_0_, posts0_.author as author4_0_, posts0_.content as content5_0_, posts0_.title as title6_0_ from posts posts0_
Hibernate: delete from posts where id=?
2020-12-28 15:58:33.969  INFO 16024 --- [    Test worker] o.a.c.c.C.[Tomcat].[localhost].[/]       : Initializing Spring TestDispatcherServlet ''
2020-12-28 15:58:33.971  INFO 16024 --- [    Test worker] o.s.t.web.servlet.TestDispatcherServlet  : Initializing Servlet ''
2020-12-28 15:58:33.974  INFO 16024 --- [    Test worker] o.s.t.web.servlet.TestDispatcherServlet  : Completed initialization in 3 ms
Hibernate: insert into posts (created_date, modified_date, author, content, title) values (?, ?, ?, ?, ?)
Hibernate: select posts0_.id as id1_0_0_, posts0_.created_date as created_2_0_0_, posts0_.modified_date as modified3_0_0_, posts0_.author as author4_0_0_, posts0_.content as content5_0_0_, posts0_.title as title6_0_0_ from posts posts0_ where posts0_.id=?
Hibernate: update posts set created_date=?, modified_date=?, author=?, content=?, title=? where id=?
Hibernate: select posts0_.id as id1_0_, posts0_.created_date as created_2_0_, posts0_.modified_date as modified3_0_, posts0_.author as author4_0_, posts0_.content as content5_0_, posts0_.title as title6_0_ from posts posts0_
Hibernate: select posts0_.id as id1_0_, posts0_.created_date as created_2_0_, posts0_.modified_date as modified3_0_, posts0_.author as author4_0_, posts0_.content as content5_0_, posts0_.title as title6_0_ from posts posts0_
Hibernate: delete from posts where id=?
]]></system-out>
  <system-err><![CDATA[]]></system-err>
</testsuite>
