<?xml version="1.0" encoding="UTF-8"?>
<testsuite name="com.parkvita.admin.springboot.web.IndexControllerTest" tests="1" skipped="0" failures="0" errors="0" timestamp="2020-12-28T06:58:33" hostname="DESKTOP-H8S7DH9" time="0.338">
  <properties/>
  <testcase name="메인페이지_로딩" classname="com.parkvita.admin.springboot.web.IndexControllerTest" time="0.338"/>
  <system-out><![CDATA[2020-12-28 15:58:29.464  INFO 16024 --- [    Test worker] .b.t.c.SpringBootTestContextBootstrapper : Neither @ContextConfiguration nor @ContextHierarchy found for test class [com.parkvita.admin.springboot.web.IndexControllerTest], using SpringBootContextLoader
2020-12-28 15:58:29.466  INFO 16024 --- [    Test worker] o.s.t.c.support.AbstractContextLoader    : Could not detect default resource locations for test class [com.parkvita.admin.springboot.web.IndexControllerTest]: no resource found for suffixes {-context.xml, Context.groovy}.
2020-12-28 15:58:29.466  INFO 16024 --- [    Test worker] t.c.s.AnnotationConfigContextLoaderUtils : Could not detect default configuration classes for test class [com.parkvita.admin.springboot.web.IndexControllerTest]: IndexControllerTest does not declare any static, non-private, non-final, nested classes annotated with @Configuration.
2020-12-28 15:58:29.490  INFO 16024 --- [    Test worker] .b.t.c.SpringBootTestContextBootstrapper : Found @SpringBootConfiguration com.parkvita.admin.springboot.Application for test class com.parkvita.admin.springboot.web.IndexControllerTest
2020-12-28 15:58:29.492  INFO 16024 --- [    Test worker] .b.t.c.SpringBootTestContextBootstrapper : Loaded default TestExecutionListener class names from location [META-INF/spring.factories]: [org.springframework.security.test.context.support.WithSecurityContextTestExecutionListener, org.springframework.security.test.context.support.ReactorContextTestExecutionListener, org.springframework.boot.test.autoconfigure.restdocs.RestDocsTestExecutionListener, org.springframework.boot.test.autoconfigure.web.client.MockRestServiceServerResetTestExecutionListener, org.springframework.boot.test.autoconfigure.web.servlet.MockMvcPrintOnlyOnFailureTestExecutionListener, org.springframework.boot.test.autoconfigure.web.servlet.WebDriverTestExecutionListener, org.springframework.boot.test.mock.mockito.MockitoTestExecutionListener, org.springframework.boot.test.mock.mockito.ResetMocksTestExecutionListener, org.springframework.test.context.web.ServletTestExecutionListener, org.springframework.test.context.support.DirtiesContextBeforeModesTestExecutionListener, org.springframework.test.context.support.DependencyInjectionTestExecutionListener, org.springframework.test.context.support.DirtiesContextTestExecutionListener, org.springframework.test.context.transaction.TransactionalTestExecutionListener, org.springframework.test.context.jdbc.SqlScriptsTestExecutionListener]
2020-12-28 15:58:29.495  INFO 16024 --- [    Test worker] .b.t.c.SpringBootTestContextBootstrapper : Using TestExecutionListeners: [org.springframework.test.context.web.ServletTestExecutionListener@e660d16, org.springframework.test.context.support.DirtiesContextBeforeModesTestExecutionListener@1dfbfad4, org.springframework.boot.test.mock.mockito.MockitoTestExecutionListener@7ba29acf, org.springframework.boot.test.autoconfigure.SpringBootDependencyInjectionTestExecutionListener@28f7f510, org.springframework.test.context.support.DirtiesContextTestExecutionListener@16c743a5, org.springframework.test.context.transaction.TransactionalTestExecutionListener@54a836f3, org.springframework.test.context.jdbc.SqlScriptsTestExecutionListener@3b33aa4b, org.springframework.security.test.context.support.WithSecurityContextTestExecutionListener@2cfb9748, org.springframework.security.test.context.support.ReactorContextTestExecutionListener@d2319, org.springframework.boot.test.autoconfigure.restdocs.RestDocsTestExecutionListener@15079245, org.springframework.boot.test.autoconfigure.web.client.MockRestServiceServerResetTestExecutionListener@3340035c, org.springframework.boot.test.autoconfigure.web.servlet.MockMvcPrintOnlyOnFailureTestExecutionListener@43f193ab, org.springframework.boot.test.autoconfigure.web.servlet.WebDriverTestExecutionListener@2a8d7527, org.springframework.boot.test.mock.mockito.ResetMocksTestExecutionListener@3314f89]

  .   ____          _            __ _ _
 /\\ / ___'_ __ _ _(_)_ __  __ _ \ \ \ \
( ( )\___ | '_ | '_| | '_ \/ _` | \ \ \ \
 \\/  ___)| |_)| | | | | || (_| |  ) ) ) )
  '  |____| .__|_| |_|_| |_\__, | / / / /
 =========|_|==============|___/=/_/_/_/
 :: Spring Boot ::        (v2.1.7.RELEASE)

2020-12-28 15:58:29.560  INFO 16024 --- [    Test worker] c.p.a.s.web.IndexControllerTest          : Starting IndexControllerTest on DESKTOP-H8S7DH9 with PID 16024 (started by parksh in C:\Users\parksh\IdeaProjects\springboot-webservice)
2020-12-28 15:58:29.561  INFO 16024 --- [    Test worker] c.p.a.s.web.IndexControllerTest          : No active profile set, falling back to default profiles: default
2020-12-28 15:58:29.977  INFO 16024 --- [    Test worker] .s.d.r.c.RepositoryConfigurationDelegate : Bootstrapping Spring Data repositories in DEFAULT mode.
2020-12-28 15:58:30.031  INFO 16024 --- [    Test worker] .s.d.r.c.RepositoryConfigurationDelegate : Finished Spring Data repository scanning in 53ms. Found 2 repository interfaces.
2020-12-28 15:58:30.190  INFO 16024 --- [    Test worker] trationDelegate$BeanPostProcessorChecker : Bean 'org.springframework.transaction.annotation.ProxyTransactionManagementConfiguration' of type [org.springframework.transaction.annotation.ProxyTransactionManagementConfiguration$$EnhancerBySpringCGLIB$$70ffb073] is not eligible for getting processed by all BeanPostProcessors (for example: not eligible for auto-proxying)
2020-12-28 15:58:30.658  INFO 16024 --- [    Test worker] o.s.b.w.embedded.tomcat.TomcatWebServer  : Tomcat initialized with port(s): 0 (http)
2020-12-28 15:58:30.706  INFO 16024 --- [    Test worker] o.apache.catalina.core.StandardService   : Starting service [Tomcat]
2020-12-28 15:58:30.707  INFO 16024 --- [    Test worker] org.apache.catalina.core.StandardEngine  : Starting Servlet engine: [Apache Tomcat/9.0.22]
2020-12-28 15:58:31.094  INFO 16024 --- [    Test worker] o.a.c.c.C.[Tomcat].[localhost].[/]       : Initializing Spring embedded WebApplicationContext
2020-12-28 15:58:31.095  INFO 16024 --- [    Test worker] o.s.web.context.ContextLoader            : Root WebApplicationContext: initialization completed in 1529 ms
2020-12-28 15:58:31.412  INFO 16024 --- [    Test worker] com.zaxxer.hikari.HikariDataSource       : HikariPool-2 - Starting...
2020-12-28 15:58:31.414  INFO 16024 --- [    Test worker] com.zaxxer.hikari.HikariDataSource       : HikariPool-2 - Start completed.
2020-12-28 15:58:31.486  INFO 16024 --- [    Test worker] o.hibernate.jpa.internal.util.LogHelper  : HHH000204: Processing PersistenceUnitInfo [
	name: default
	...]
2020-12-28 15:58:31.507  INFO 16024 --- [    Test worker] org.hibernate.dialect.Dialect            : HHH000400: Using dialect: org.hibernate.dialect.MySQL5InnoDBDialect
Hibernate: drop table if exists posts
Hibernate: drop table if exists user
Hibernate: create table posts (id bigint not null auto_increment, created_date datetime, modified_date datetime, author varchar(255), content TEXT not null, title varchar(500) not null, primary key (id)) engine=InnoDB
Hibernate: create table user (id bigint not null auto_increment, created_date datetime, modified_date datetime, email varchar(255) not null, name varchar(255) not null, picture varchar(255), role varchar(255) not null, primary key (id)) engine=InnoDB
2020-12-28 15:58:31.588  INFO 16024 --- [    Test worker] o.h.t.schema.internal.SchemaCreatorImpl  : HHH000476: Executing import script 'org.hibernate.tool.schema.internal.exec.ScriptSourceInputNonExistentImpl@3f903038'
2020-12-28 15:58:31.588  INFO 16024 --- [    Test worker] j.LocalContainerEntityManagerFactoryBean : Initialized JPA EntityManagerFactory for persistence unit 'default'
2020-12-28 15:58:32.127  INFO 16024 --- [    Test worker] o.h.h.i.QueryTranslatorFactoryInitiator  : HHH000397: Using ASTQueryTranslatorFactory
2020-12-28 15:58:32.399  INFO 16024 --- [    Test worker] o.s.s.web.DefaultSecurityFilterChain     : Creating filter chain: any request, [org.springframework.security.web.context.request.async.WebAsyncManagerIntegrationFilter@40cc8ca2, org.springframework.security.web.context.SecurityContextPersistenceFilter@5b968747, org.springframework.security.web.header.HeaderWriterFilter@65f9cda6, org.springframework.security.web.authentication.logout.LogoutFilter@48936fa5, org.springframework.security.oauth2.client.web.OAuth2AuthorizationRequestRedirectFilter@39c7a05a, org.springframework.security.oauth2.client.web.OAuth2LoginAuthenticationFilter@394995ab, org.springframework.security.web.authentication.ui.DefaultLoginPageGeneratingFilter@275078b7, org.springframework.security.web.authentication.ui.DefaultLogoutPageGeneratingFilter@352c129e, org.springframework.security.web.savedrequest.RequestCacheAwareFilter@647d8b99, org.springframework.security.web.servletapi.SecurityContextHolderAwareRequestFilter@4fc2ee4d, org.springframework.security.web.authentication.AnonymousAuthenticationFilter@316da111, org.springframework.security.web.session.SessionManagementFilter@62115d67, org.springframework.security.web.access.ExceptionTranslationFilter@668b3bef, org.springframework.security.web.access.intercept.FilterSecurityInterceptor@340823b6]
2020-12-28 15:58:32.719  INFO 16024 --- [    Test worker] o.s.s.concurrent.ThreadPoolTaskExecutor  : Initializing ExecutorService 'applicationTaskExecutor'
2020-12-28 15:58:32.736  WARN 16024 --- [    Test worker] aWebConfiguration$JpaWebMvcConfiguration : spring.jpa.open-in-view is enabled by default. Therefore, database queries may be performed during view rendering. Explicitly configure spring.jpa.open-in-view to disable this warning
2020-12-28 15:58:32.778  INFO 16024 --- [    Test worker] o.s.b.a.w.s.WelcomePageHandlerMapping    : Adding welcome page template: index
2020-12-28 15:58:33.237  INFO 16024 --- [    Test worker] s.a.ScheduledAnnotationBeanPostProcessor : No TaskScheduler/ScheduledExecutorService bean found for scheduled processing
2020-12-28 15:58:33.269  INFO 16024 --- [    Test worker] o.s.b.w.embedded.tomcat.TomcatWebServer  : Tomcat started on port(s): 54200 (http) with context path ''
2020-12-28 15:58:33.271  INFO 16024 --- [    Test worker] c.p.a.s.web.IndexControllerTest          : Started IndexControllerTest in 3.77 seconds (JVM running for 16.675)
2020-12-28 15:58:33.422  INFO 16024 --- [o-auto-1-exec-1] o.a.c.c.C.[Tomcat].[localhost].[/]       : Initializing Spring DispatcherServlet 'dispatcherServlet'
2020-12-28 15:58:33.423  INFO 16024 --- [o-auto-1-exec-1] o.s.web.servlet.DispatcherServlet        : Initializing Servlet 'dispatcherServlet'
2020-12-28 15:58:33.460  INFO 16024 --- [o-auto-1-exec-1] o.s.web.servlet.DispatcherServlet        : Completed initialization in 37 ms
Hibernate: select posts0_.id as id1_0_, posts0_.created_date as created_2_0_, posts0_.modified_date as modified3_0_, posts0_.author as author4_0_, posts0_.content as content5_0_, posts0_.title as title6_0_ from posts posts0_ order by posts0_.id DESC
]]></system-out>
  <system-err><![CDATA[]]></system-err>
</testsuite>
